<?xml version="1.0" encoding="UTF-8"?>
<testng-results ignored="0" total="1" passed="1" failed="0" skipped="0">
  <reporter-output>
  </reporter-output>
  <suite started-at="2023-03-24T16:03:19 IST" name="Default suite" finished-at="2023-03-24T16:03:28 IST" duration-ms="8880">
    <groups>
    </groups>
    <test started-at="2023-03-24T16:03:19 IST" name="Default test" finished-at="2023-03-24T16:03:28 IST" duration-ms="8880">
      <class name="testngpkg.Mousehover">
        <test-method is-config="true" signature="setUp()[pri:0, instance:testngpkg.Mousehover@55634720]" started-at="2023-03-24T16:03:19 IST" name="setUp" finished-at="2023-03-24T16:03:24 IST" duration-ms="4394" status="PASS">
          <reporter-output>
          </reporter-output>
        </test-method> <!-- setUp -->
        <test-method is-config="true" signature="urlloading()[pri:0, instance:testngpkg.Mousehover@55634720]" started-at="2023-03-24T16:03:24 IST" name="urlloading" finished-at="2023-03-24T16:03:26 IST" duration-ms="2056" status="PASS">
          <reporter-output>
          </reporter-output>
        </test-method> <!-- urlloading -->
        <test-method signature="mousehvr()[pri:0, instance:testngpkg.Mousehover@55634720]" started-at="2023-03-24T16:03:26 IST" name="mousehvr" finished-at="2023-03-24T16:03:28 IST" duration-ms="2381" status="PASS">
          <reporter-output>
          </reporter-output>
        </test-method> <!-- mousehvr -->
      </class> <!-- testngpkg.Mousehover -->
    </test> <!-- Default test -->
  </suite> <!-- Default suite -->
</testng-results>
